[ Date 06/04/24 12:04:39] INFO: Express server is running on 7070
    processTitle: "PTitle:- C:\WINDOWS\system32\cmd.exe "
    processId: "P_ID:- 15632"
[ Date 06/04/24 12:05:03] INFO: Express server is running on 7070
    processTitle: "PTitle:- C:\WINDOWS\system32\cmd.exe "
    processId: "P_ID:- 1544"
[ Date 06/04/24 12:05:06] INFO: Express server is running on 7070
    processTitle: "PTitle:- C:\WINDOWS\system32\cmd.exe "
    processId: "P_ID:- 8500"
[ Date 06/04/24 12:05:11] INFO: Express server is running on 7070
    processTitle: "PTitle:- C:\WINDOWS\system32\cmd.exe "
    processId: "P_ID:- 1552"
[ Date 06/04/24 12:05:13] INFO: Express server is running on 7070
    processTitle: "PTitle:- C:\WINDOWS\system32\cmd.exe "
    processId: "P_ID:- 10164"
[ Date 06/04/24 12:05:17] INFO: Express server is running on 7070
    processTitle: "PTitle:- C:\WINDOWS\system32\cmd.exe "
    processId: "P_ID:- 9376"
[ Date 06/04/24 12:05:23] INFO: Express server is running on 7070
    processTitle: "PTitle:- C:\WINDOWS\system32\cmd.exe "
    processId: "P_ID:- 6420"
[ Date 06/04/24 12:05:34] INFO: Express server is running on 7070
    processTitle: "PTitle:- C:\WINDOWS\system32\cmd.exe "
    processId: "P_ID:- 14844"
[ Date 06/04/24 12:05:41] INFO: Express server is running on 7070
    processTitle: "PTitle:- C:\WINDOWS\system32\cmd.exe "
    processId: "P_ID:- 2676"
[ Date 06/04/24 12:05:43] INFO: Express server is running on 7070
    processTitle: "PTitle:- C:\WINDOWS\system32\cmd.exe "
    processId: "P_ID:- 14432"
[ Date 06/04/24 12:05:47] INFO: Express server is running on 7070
    processTitle: "PTitle:- C:\WINDOWS\system32\cmd.exe "
    processId: "P_ID:- 15536"
[ Date 06/04/24 12:05:58] INFO: Express server is running on 7070
    processTitle: "PTitle:- C:\WINDOWS\system32\cmd.exe "
    processId: "P_ID:- 8104"
[ Date 06/04/24 12:06:01] INFO: MongoDB connected successfully
    processTitle: "PTitle:- C:\WINDOWS\system32\cmd.exe "
    processId: "P_ID:- 8104"
[ Date 06/04/24 12:06:04] INFO: Express server is running on 7070
    processTitle: "PTitle:- C:\WINDOWS\system32\cmd.exe "
    processId: "P_ID:- 7840"
[ Date 06/04/24 12:06:06] INFO: MongoDB connected successfully
    processTitle: "PTitle:- C:\WINDOWS\system32\cmd.exe "
    processId: "P_ID:- 7840"
[ Date 06/04/24 12:06:16] INFO: Express server is running on 7070
    processTitle: "PTitle:- C:\WINDOWS\system32\cmd.exe "
    processId: "P_ID:- 4924"
[ Date 06/04/24 12:06:18] INFO: MongoDB connected successfully
    processTitle: "PTitle:- C:\WINDOWS\system32\cmd.exe "
    processId: "P_ID:- 4924"
[ Date 06/04/24 12:06:46] INFO: Express server is running on 7070
    processTitle: "PTitle:- C:\WINDOWS\system32\cmd.exe "
    processId: "P_ID:- 5040"
[ Date 06/04/24 12:06:49] INFO: Express server is running on 7070
    processTitle: "PTitle:- C:\WINDOWS\system32\cmd.exe "
    processId: "P_ID:- 9048"
[ Date 06/04/24 12:06:51] INFO: MongoDB connected successfully
    processTitle: "PTitle:- C:\WINDOWS\system32\cmd.exe "
    processId: "P_ID:- 9048"
[ Date 06/04/24 12:07:18] INFO: Express server is running on 7070
    processTitle: "PTitle:- C:\WINDOWS\system32\cmd.exe "
    processId: "P_ID:- 7956"
[ Date 06/04/24 12:07:21] INFO: MongoDB connected successfully
    processTitle: "PTitle:- C:\WINDOWS\system32\cmd.exe "
    processId: "P_ID:- 7956"
[ Date 06/04/24 12:08:20] INFO: Express server is running on 7070
    processTitle: "PTitle:- C:\WINDOWS\system32\cmd.exe "
    processId: "P_ID:- 17040"
[ Date 06/04/24 12:08:23] INFO: MongoDB connected successfully
    processTitle: "PTitle:- C:\WINDOWS\system32\cmd.exe "
    processId: "P_ID:- 17040"
[ Date 06/04/24 12:08:44] INFO: Express server is running on 7070
    processTitle: "PTitle:- C:\WINDOWS\system32\cmd.exe "
    processId: "P_ID:- 5300"
[ Date 06/04/24 12:08:48] INFO: MongoDB connected successfully
    processTitle: "PTitle:- C:\WINDOWS\system32\cmd.exe "
    processId: "P_ID:- 5300"
[ Date 06/04/24 12:08:51] INFO: Express server is running on 7070
    processTitle: "PTitle:- C:\WINDOWS\system32\cmd.exe "
    processId: "P_ID:- 9600"
[ Date 06/04/24 12:08:53] INFO: MongoDB connected successfully
    processTitle: "PTitle:- C:\WINDOWS\system32\cmd.exe "
    processId: "P_ID:- 9600"
[ Date 06/04/24 12:08:56] INFO: Express server is running on 7070
    processTitle: "PTitle:- C:\WINDOWS\system32\cmd.exe "
    processId: "P_ID:- 13356"
[ Date 06/04/24 12:08:58] INFO: MongoDB connected successfully
    processTitle: "PTitle:- C:\WINDOWS\system32\cmd.exe "
    processId: "P_ID:- 13356"
[ Date 06/04/24 12:09:00] INFO: Express server is running on 7070
    processTitle: "PTitle:- C:\WINDOWS\system32\cmd.exe "
    processId: "P_ID:- 15196"
[ Date 06/04/24 12:09:03] INFO: MongoDB connected successfully
    processTitle: "PTitle:- C:\WINDOWS\system32\cmd.exe "
    processId: "P_ID:- 15196"
[ Date 06/04/24 12:09:14] INFO: Express server is running on 7070
    processTitle: "PTitle:- C:\WINDOWS\system32\cmd.exe "
    processId: "P_ID:- 16424"
[ Date 06/04/24 12:09:16] INFO: MongoDB connected successfully
    processTitle: "PTitle:- C:\WINDOWS\system32\cmd.exe "
    processId: "P_ID:- 16424"
[ Date 06/04/24 12:09:19] INFO: Express server is running on 7070
    processTitle: "PTitle:- C:\WINDOWS\system32\cmd.exe "
    processId: "P_ID:- 18208"
[ Date 06/04/24 12:09:21] INFO: Express server is running on 7070
    processTitle: "PTitle:- C:\WINDOWS\system32\cmd.exe "
    processId: "P_ID:- 6012"
[ Date 06/04/24 12:09:25] INFO: Express server is running on 7070
    processTitle: "PTitle:- C:\WINDOWS\system32\cmd.exe "
    processId: "P_ID:- 1668"
[ Date 06/04/24 12:09:26] INFO: Express server is running on 7070
    processTitle: "PTitle:- C:\WINDOWS\system32\cmd.exe "
    processId: "P_ID:- 4196"
[ Date 06/04/24 12:09:29] INFO: MongoDB connected successfully
    processTitle: "PTitle:- C:\WINDOWS\system32\cmd.exe "
    processId: "P_ID:- 4196"
[ Date 06/04/24 12:09:33] INFO: Express server is running on 7070
    processTitle: "PTitle:- C:\WINDOWS\system32\cmd.exe "
    processId: "P_ID:- 9340"
[ Date 06/04/24 12:09:35] INFO: MongoDB connected successfully
    processTitle: "PTitle:- C:\WINDOWS\system32\cmd.exe "
    processId: "P_ID:- 9340"
[ Date 06/04/24 12:09:39] INFO: Express server is running on 7070
    processTitle: "PTitle:- C:\WINDOWS\system32\cmd.exe "
    processId: "P_ID:- 17160"
[ Date 06/04/24 12:09:41] INFO: Express server is running on 7070
    processTitle: "PTitle:- C:\WINDOWS\system32\cmd.exe "
    processId: "P_ID:- 6360"
[ Date 06/04/24 12:09:44] INFO: MongoDB connected successfully
    processTitle: "PTitle:- C:\WINDOWS\system32\cmd.exe "
    processId: "P_ID:- 6360"
[ Date 06/04/24 12:09:47] INFO: Express server is running on 7070
    processTitle: "PTitle:- C:\WINDOWS\system32\cmd.exe "
    processId: "P_ID:- 1620"
[ Date 06/04/24 12:09:50] INFO: MongoDB connected successfully
    processTitle: "PTitle:- C:\WINDOWS\system32\cmd.exe "
    processId: "P_ID:- 1620"
[ Date 06/04/24 12:09:56] INFO: Express server is running on 7070
    processTitle: "PTitle:- C:\WINDOWS\system32\cmd.exe "
    processId: "P_ID:- 10908"
[ Date 06/04/24 12:09:59] INFO: MongoDB connected successfully
    processTitle: "PTitle:- C:\WINDOWS\system32\cmd.exe "
    processId: "P_ID:- 10908"
[ Date 06/04/24 12:10:05] INFO: Express server is running on 7070
    processTitle: "PTitle:- C:\WINDOWS\system32\cmd.exe "
    processId: "P_ID:- 18632"
[ Date 06/04/24 12:10:09] INFO: MongoDB connected successfully
    processTitle: "PTitle:- C:\WINDOWS\system32\cmd.exe "
    processId: "P_ID:- 18632"
[ Date 06/04/24 12:10:14] INFO: Express server is running on 7070
    processTitle: "PTitle:- C:\WINDOWS\system32\cmd.exe "
    processId: "P_ID:- 16964"
[ Date 06/04/24 12:10:17] INFO: MongoDB connected successfully
    processTitle: "PTitle:- C:\WINDOWS\system32\cmd.exe "
    processId: "P_ID:- 16964"
[ Date 06/04/24 12:10:20] INFO: Express server is running on 7070
    processTitle: "PTitle:- C:\WINDOWS\system32\cmd.exe "
    processId: "P_ID:- 15048"
[ Date 06/04/24 12:10:23] INFO: MongoDB connected successfully
    processTitle: "PTitle:- C:\WINDOWS\system32\cmd.exe "
    processId: "P_ID:- 15048"
[ Date 06/04/24 12:10:32] INFO: Express server is running on 7070
    processTitle: "PTitle:- C:\WINDOWS\system32\cmd.exe "
    processId: "P_ID:- 18156"
[ Date 06/04/24 12:10:34] INFO: Express server is running on 7070
    processTitle: "PTitle:- C:\WINDOWS\system32\cmd.exe "
    processId: "P_ID:- 12952"
[ Date 06/04/24 12:10:37] INFO: MongoDB connected successfully
    processTitle: "PTitle:- C:\WINDOWS\system32\cmd.exe "
    processId: "P_ID:- 12952"
[ Date 06/04/24 12:11:21] INFO: Express server is running on 7070
    processTitle: "PTitle:- C:\WINDOWS\system32\cmd.exe "
    processId: "P_ID:- 14764"
[ Date 06/04/24 12:11:25] INFO: Express server is running on 7070
    processTitle: "PTitle:- C:\WINDOWS\system32\cmd.exe "
    processId: "P_ID:- 10564"
[ Date 06/04/24 12:11:29] INFO: MongoDB connected successfully
    processTitle: "PTitle:- C:\WINDOWS\system32\cmd.exe "
    processId: "P_ID:- 10564"
[ Date 06/04/24 12:11:33] INFO: Express server is running on 7070
    processTitle: "PTitle:- C:\WINDOWS\system32\cmd.exe "
    processId: "P_ID:- 9652"
[ Date 06/04/24 12:11:36] INFO: MongoDB connected successfully
    processTitle: "PTitle:- C:\WINDOWS\system32\cmd.exe "
    processId: "P_ID:- 9652"
[ Date 06/04/24 12:11:37] INFO: Express server is running on 7070
    processTitle: "PTitle:- C:\WINDOWS\system32\cmd.exe "
    processId: "P_ID:- 9488"
[ Date 06/04/24 12:13:01] INFO: Express server is running on 7070
    processTitle: "PTitle:- C:\WINDOWS\system32\cmd.exe "
    processId: "P_ID:- 2644"
[ Date 06/04/24 12:13:03] INFO: Express server is running on 7070
    processTitle: "PTitle:- C:\WINDOWS\system32\cmd.exe "
    processId: "P_ID:- 8356"
[ Date 06/04/24 12:13:06] INFO: Express server is running on 7070
    processTitle: "PTitle:- C:\WINDOWS\system32\cmd.exe "
    processId: "P_ID:- 10400"
[ Date 06/04/24 12:13:08] INFO: MongoDB connected successfully
    processTitle: "PTitle:- C:\WINDOWS\system32\cmd.exe "
    processId: "P_ID:- 10400"
[ Date 06/04/24 12:13:13] INFO: Express server is running on 7070
    processTitle: "PTitle:- C:\WINDOWS\system32\cmd.exe "
    processId: "P_ID:- 16868"
[ Date 06/04/24 12:13:17] INFO: MongoDB connected successfully
    processTitle: "PTitle:- C:\WINDOWS\system32\cmd.exe "
    processId: "P_ID:- 16868"
[ Date 06/04/24 12:13:18] INFO: Express server is running on 7070
    processTitle: "PTitle:- C:\WINDOWS\system32\cmd.exe "
    processId: "P_ID:- 6852"
[ Date 06/04/24 12:13:21] INFO: MongoDB connected successfully
    processTitle: "PTitle:- C:\WINDOWS\system32\cmd.exe "
    processId: "P_ID:- 6852"
[ Date 06/04/24 12:13:23] INFO: Express server is running on 7070
    processTitle: "PTitle:- C:\WINDOWS\system32\cmd.exe "
    processId: "P_ID:- 11468"
[ Date 06/04/24 12:13:26] INFO: MongoDB connected successfully
    processTitle: "PTitle:- C:\WINDOWS\system32\cmd.exe "
    processId: "P_ID:- 11468"
[ Date 06/04/24 12:13:29] INFO: Express server is running on 7070
    processTitle: "PTitle:- C:\WINDOWS\system32\cmd.exe "
    processId: "P_ID:- 15668"
[ Date 06/04/24 12:13:32] INFO: MongoDB connected successfully
    processTitle: "PTitle:- C:\WINDOWS\system32\cmd.exe "
    processId: "P_ID:- 15668"
[ Date 06/04/24 12:15:06] INFO: Express server is running on 7070
    processTitle: "PTitle:- C:\WINDOWS\system32\cmd.exe "
    processId: "P_ID:- 10892"
[ Date 06/04/24 12:15:08] INFO: Express server is running on 7070
    processTitle: "PTitle:- C:\WINDOWS\system32\cmd.exe "
    processId: "P_ID:- 3332"
[ Date 06/04/24 12:15:12] INFO: MongoDB connected successfully
    processTitle: "PTitle:- C:\WINDOWS\system32\cmd.exe "
    processId: "P_ID:- 3332"
[ Date 06/04/24 12:19:32] INFO: Express server is running on 7070
    processTitle: "PTitle:- C:\WINDOWS\system32\cmd.exe "
    processId: "P_ID:- 2008"
[ Date 06/04/24 12:19:33] INFO: Express server is running on 7070
    processTitle: "PTitle:- C:\WINDOWS\system32\cmd.exe "
    processId: "P_ID:- 13632"
[ Date 06/04/24 12:19:36] INFO: MongoDB connected successfully
    processTitle: "PTitle:- C:\WINDOWS\system32\cmd.exe "
    processId: "P_ID:- 13632"
[ Date 06/04/24 12:19:41] INFO: Express server is running on 7070
    processTitle: "PTitle:- C:\WINDOWS\system32\cmd.exe "
    processId: "P_ID:- 6272"
[ Date 06/04/24 12:19:44] INFO: MongoDB connected successfully
    processTitle: "PTitle:- C:\WINDOWS\system32\cmd.exe "
    processId: "P_ID:- 6272"
[ Date 06/04/24 12:19:48] INFO: Express server is running on 7070
    processTitle: "PTitle:- C:\WINDOWS\system32\cmd.exe "
    processId: "P_ID:- 11484"
[ Date 06/04/24 12:19:51] INFO: MongoDB connected successfully
    processTitle: "PTitle:- C:\WINDOWS\system32\cmd.exe "
    processId: "P_ID:- 11484"
[ Date 06/04/24 12:19:53] INFO: Express server is running on 7070
    processTitle: "PTitle:- C:\WINDOWS\system32\cmd.exe "
    processId: "P_ID:- 6656"
[ Date 06/04/24 12:19:55] INFO: Express server is running on 7070
    processTitle: "PTitle:- C:\WINDOWS\system32\cmd.exe "
    processId: "P_ID:- 13300"
[ Date 06/04/24 12:19:57] INFO: MongoDB connected successfully
    processTitle: "PTitle:- C:\WINDOWS\system32\cmd.exe "
    processId: "P_ID:- 13300"
[ Date 06/04/24 12:21:27] INFO: Express server is running on 7070
    processTitle: "PTitle:- C:\WINDOWS\system32\cmd.exe "
    processId: "P_ID:- 18616"
[ Date 06/04/24 12:21:30] INFO: MongoDB connected successfully
    processTitle: "PTitle:- C:\WINDOWS\system32\cmd.exe "
    processId: "P_ID:- 18616"
[ Date 06/04/24 12:21:35] INFO: Express server is running on 7070
    processTitle: "PTitle:- C:\WINDOWS\system32\cmd.exe "
    processId: "P_ID:- 10908"
[ Date 06/04/24 12:21:37] INFO: Express server is running on 7070
    processTitle: "PTitle:- C:\WINDOWS\system32\cmd.exe "
    processId: "P_ID:- 17836"
[ Date 06/04/24 12:21:39] INFO: MongoDB connected successfully
    processTitle: "PTitle:- C:\WINDOWS\system32\cmd.exe "
    processId: "P_ID:- 17836"
[ Date 06/04/24 12:21:45] INFO: Express server is running on 7070
    processTitle: "PTitle:- C:\WINDOWS\system32\cmd.exe "
    processId: "P_ID:- 12848"
[ Date 06/04/24 12:21:47] INFO: MongoDB connected successfully
    processTitle: "PTitle:- C:\WINDOWS\system32\cmd.exe "
    processId: "P_ID:- 12848"
[ Date 06/04/24 12:21:52] INFO: Express server is running on 7070
    processTitle: "PTitle:- C:\WINDOWS\system32\cmd.exe "
    processId: "P_ID:- 2192"
[ Date 06/04/24 12:21:55] INFO: MongoDB connected successfully
    processTitle: "PTitle:- C:\WINDOWS\system32\cmd.exe "
    processId: "P_ID:- 2192"
[ Date 06/04/24 12:24:07] INFO: Express server is running on 7070
    processTitle: "PTitle:- C:\WINDOWS\system32\cmd.exe "
    processId: "P_ID:- 1260"
[ Date 06/04/24 12:24:10] INFO: MongoDB connected successfully
    processTitle: "PTitle:- C:\WINDOWS\system32\cmd.exe "
    processId: "P_ID:- 1260"
[ Date 06/04/24 12:24:26] INFO: Express server is running on 7070
    processTitle: "PTitle:- C:\WINDOWS\system32\cmd.exe "
    processId: "P_ID:- 16592"
[ Date 06/04/24 12:24:29] INFO: MongoDB connected successfully
    processTitle: "PTitle:- C:\WINDOWS\system32\cmd.exe "
    processId: "P_ID:- 16592"
[ Date 06/04/24 12:24:40] INFO: Express server is running on 7070
    processTitle: "PTitle:- C:\WINDOWS\system32\cmd.exe "
    processId: "P_ID:- 8228"
[ Date 06/04/24 12:24:42] INFO: MongoDB connected successfully
    processTitle: "PTitle:- C:\WINDOWS\system32\cmd.exe "
    processId: "P_ID:- 8228"
[ Date 06/04/24 12:24:45] INFO: Express server is running on 7070
    processTitle: "PTitle:- C:\WINDOWS\system32\cmd.exe "
    processId: "P_ID:- 1220"
[ Date 06/04/24 12:24:48] INFO: MongoDB connected successfully
    processTitle: "PTitle:- C:\WINDOWS\system32\cmd.exe "
    processId: "P_ID:- 1220"
[ Date 06/04/24 12:24:54] INFO: Express server is running on 7070
    processTitle: "PTitle:- C:\WINDOWS\system32\cmd.exe "
    processId: "P_ID:- 13304"
[ Date 06/04/24 12:24:57] INFO: MongoDB connected successfully
    processTitle: "PTitle:- C:\WINDOWS\system32\cmd.exe "
    processId: "P_ID:- 13304"
[ Date 06/04/24 12:25:21] INFO: Express server is running on 7070
    processTitle: "PTitle:- C:\WINDOWS\system32\cmd.exe "
    processId: "P_ID:- 13356"
[ Date 06/04/24 12:25:25] INFO: MongoDB connected successfully
    processTitle: "PTitle:- C:\WINDOWS\system32\cmd.exe "
    processId: "P_ID:- 13356"
[ Date 06/04/24 12:25:44] INFO: Express server is running on 7070
    processTitle: "PTitle:- C:\WINDOWS\system32\cmd.exe "
    processId: "P_ID:- 18960"
[ Date 06/04/24 12:25:47] INFO: MongoDB connected successfully
    processTitle: "PTitle:- C:\WINDOWS\system32\cmd.exe "
    processId: "P_ID:- 18960"
[ Date 06/04/24 12:25:55] INFO: Express server is running on 7070
    processTitle: "PTitle:- C:\WINDOWS\system32\cmd.exe "
    processId: "P_ID:- 19408"
[ Date 06/04/24 12:25:57] INFO: Express server is running on 7070
    processTitle: "PTitle:- C:\WINDOWS\system32\cmd.exe "
    processId: "P_ID:- 18172"
[ Date 06/04/24 12:26:00] INFO: Express server is running on 7070
    processTitle: "PTitle:- C:\WINDOWS\system32\cmd.exe "
    processId: "P_ID:- 11568"
[ Date 06/04/24 12:26:03] INFO: Express server is running on 7070
    processTitle: "PTitle:- C:\WINDOWS\system32\cmd.exe "
    processId: "P_ID:- 15740"
[ Date 06/04/24 12:26:07] INFO: MongoDB connected successfully
    processTitle: "PTitle:- C:\WINDOWS\system32\cmd.exe "
    processId: "P_ID:- 15740"
[ Date 06/04/24 12:26:16] INFO: Express server is running on 7070
    processTitle: "PTitle:- C:\WINDOWS\system32\cmd.exe "
    processId: "P_ID:- 17024"
[ Date 06/04/24 12:26:19] INFO: MongoDB connected successfully
    processTitle: "PTitle:- C:\WINDOWS\system32\cmd.exe "
    processId: "P_ID:- 17024"
[ Date 06/04/24 12:26:27] INFO: Express server is running on 7070
    processTitle: "PTitle:- C:\WINDOWS\system32\cmd.exe "
    processId: "P_ID:- 6852"
[ Date 06/04/24 12:26:33] INFO: Express server is running on 7070
    processTitle: "PTitle:- C:\WINDOWS\system32\cmd.exe "
    processId: "P_ID:- 12852"
[ Date 06/04/24 12:26:36] INFO: Express server is running on 7070
    processTitle: "PTitle:- C:\WINDOWS\system32\cmd.exe "
    processId: "P_ID:- 9880"
[ Date 06/04/24 12:26:38] INFO: MongoDB connected successfully
    processTitle: "PTitle:- C:\WINDOWS\system32\cmd.exe "
    processId: "P_ID:- 9880"
[ Date 06/04/24 12:26:45] INFO: Express server is running on 7070
    processTitle: "PTitle:- C:\WINDOWS\system32\cmd.exe "
    processId: "P_ID:- 6656"
[ Date 06/04/24 12:26:47] INFO: Express server is running on 7070
    processTitle: "PTitle:- C:\WINDOWS\system32\cmd.exe "
    processId: "P_ID:- 14700"
[ Date 06/04/24 12:26:51] INFO: Express server is running on 7070
    processTitle: "PTitle:- C:\WINDOWS\system32\cmd.exe "
    processId: "P_ID:- 2132"
[ Date 06/04/24 12:26:54] INFO: Express server is running on 7070
    processTitle: "PTitle:- C:\WINDOWS\system32\cmd.exe "
    processId: "P_ID:- 8020"
[ Date 06/04/24 12:26:57] INFO: Express server is running on 7070
    processTitle: "PTitle:- C:\WINDOWS\system32\cmd.exe "
    processId: "P_ID:- 12584"
[ Date 06/04/24 12:27:00] INFO: Express server is running on 7070
    processTitle: "PTitle:- C:\WINDOWS\system32\cmd.exe "
    processId: "P_ID:- 15804"
[ Date 06/04/24 12:27:02] INFO: MongoDB connected successfully
    processTitle: "PTitle:- C:\WINDOWS\system32\cmd.exe "
    processId: "P_ID:- 15804"
[ Date 06/04/24 12:27:12] INFO: Express server is running on 7070
    processTitle: "PTitle:- C:\WINDOWS\system32\cmd.exe "
    processId: "P_ID:- 12128"
[ Date 06/04/24 12:27:15] INFO: MongoDB connected successfully
    processTitle: "PTitle:- C:\WINDOWS\system32\cmd.exe "
    processId: "P_ID:- 12128"
[ Date 06/04/24 12:27:26] INFO: Express server is running on 7070
    processTitle: "PTitle:- C:\WINDOWS\system32\cmd.exe "
    processId: "P_ID:- 16988"
[ Date 06/04/24 12:27:28] INFO: Express server is running on 7070
    processTitle: "PTitle:- C:\WINDOWS\system32\cmd.exe "
    processId: "P_ID:- 9068"
[ Date 06/04/24 12:27:33] INFO: Express server is running on 7070
    processTitle: "PTitle:- C:\WINDOWS\system32\cmd.exe "
    processId: "P_ID:- 16512"
[ Date 06/04/24 12:27:36] INFO: MongoDB connected successfully
    processTitle: "PTitle:- C:\WINDOWS\system32\cmd.exe "
    processId: "P_ID:- 16512"
[ Date 06/04/24 12:27:37] INFO: Express server is running on 7070
    processTitle: "PTitle:- C:\WINDOWS\system32\cmd.exe "
    processId: "P_ID:- 16984"
[ Date 06/04/24 12:27:41] INFO: Express server is running on 7070
    processTitle: "PTitle:- C:\WINDOWS\system32\cmd.exe "
    processId: "P_ID:- 17304"
[ Date 06/04/24 12:27:43] INFO: MongoDB connected successfully
    processTitle: "PTitle:- C:\WINDOWS\system32\cmd.exe "
    processId: "P_ID:- 17304"
[ Date 06/04/24 12:27:49] INFO: Express server is running on 7070
    processTitle: "PTitle:- C:\WINDOWS\system32\cmd.exe "
    processId: "P_ID:- 8244"
[ Date 06/04/24 12:27:50] INFO: Express server is running on 7070
    processTitle: "PTitle:- C:\WINDOWS\system32\cmd.exe "
    processId: "P_ID:- 15240"
[ Date 06/04/24 12:27:57] INFO: Express server is running on 7070
    processTitle: "PTitle:- C:\WINDOWS\system32\cmd.exe "
    processId: "P_ID:- 7792"
[ Date 06/04/24 12:28:00] INFO: MongoDB connected successfully
    processTitle: "PTitle:- C:\WINDOWS\system32\cmd.exe "
    processId: "P_ID:- 7792"
[ Date 06/04/24 12:28:05] INFO: Express server is running on 7070
    processTitle: "PTitle:- C:\WINDOWS\system32\cmd.exe "
    processId: "P_ID:- 13112"
[ Date 06/04/24 12:28:10] INFO: Express server is running on 7070
    processTitle: "PTitle:- C:\WINDOWS\system32\cmd.exe "
    processId: "P_ID:- 12856"
[ Date 06/04/24 12:28:13] INFO: MongoDB connected successfully
    processTitle: "PTitle:- C:\WINDOWS\system32\cmd.exe "
    processId: "P_ID:- 12856"
[ Date 06/04/24 12:28:19] INFO: Express server is running on 7070
    processTitle: "PTitle:- C:\WINDOWS\system32\cmd.exe "
    processId: "P_ID:- 11676"
[ Date 06/04/24 12:28:21] INFO: MongoDB connected successfully
    processTitle: "PTitle:- C:\WINDOWS\system32\cmd.exe "
    processId: "P_ID:- 11676"
[ Date 06/04/24 12:28:24] INFO: Express server is running on 7070
    processTitle: "PTitle:- C:\WINDOWS\system32\cmd.exe "
    processId: "P_ID:- 11804"
[ Date 06/04/24 12:28:27] INFO: MongoDB connected successfully
    processTitle: "PTitle:- C:\WINDOWS\system32\cmd.exe "
    processId: "P_ID:- 11804"
[ Date 06/04/24 12:28:37] INFO: Express server is running on 7070
    processTitle: "PTitle:- C:\WINDOWS\system32\cmd.exe "
    processId: "P_ID:- 17004"
[ Date 06/04/24 12:28:41] INFO: Express server is running on 7070
    processTitle: "PTitle:- C:\WINDOWS\system32\cmd.exe "
    processId: "P_ID:- 15792"
[ Date 06/04/24 12:28:44] INFO: MongoDB connected successfully
    processTitle: "PTitle:- C:\WINDOWS\system32\cmd.exe "
    processId: "P_ID:- 15792"
[ Date 06/04/24 12:34:01] INFO: Express server is running on 7070
    processTitle: "PTitle:- C:\WINDOWS\system32\cmd.exe "
    processId: "P_ID:- 3800"
[ Date 06/04/24 12:34:04] INFO: MongoDB connected successfully
    processTitle: "PTitle:- C:\WINDOWS\system32\cmd.exe "
    processId: "P_ID:- 3800"
[ Date 06/04/24 12:35:01] INFO: Express server is running on 7070
    processTitle: "PTitle:- C:\WINDOWS\system32\cmd.exe "
    processId: "P_ID:- 10716"
[ Date 06/04/24 12:35:04] INFO: MongoDB connected successfully
    processTitle: "PTitle:- C:\WINDOWS\system32\cmd.exe "
    processId: "P_ID:- 10716"
[ Date 06/04/24 12:35:22] INFO: Express server is running on 7070
    processTitle: "PTitle:- C:\WINDOWS\system32\cmd.exe "
    processId: "P_ID:- 17040"
[ Date 06/04/24 12:35:24] INFO: MongoDB connected successfully
    processTitle: "PTitle:- C:\WINDOWS\system32\cmd.exe "
    processId: "P_ID:- 17040"
[ Date 06/04/24 12:35:31] INFO: Express server is running on 7070
    processTitle: "PTitle:- C:\WINDOWS\system32\cmd.exe "
    processId: "P_ID:- 2868"
[ Date 06/04/24 12:35:32] INFO: Express server is running on 7070
    processTitle: "PTitle:- C:\WINDOWS\system32\cmd.exe "
    processId: "P_ID:- 8016"
[ Date 06/04/24 12:35:35] INFO: Express server is running on 7070
    processTitle: "PTitle:- C:\WINDOWS\system32\cmd.exe "
    processId: "P_ID:- 5760"
[ Date 06/04/24 12:35:37] INFO: MongoDB connected successfully
    processTitle: "PTitle:- C:\WINDOWS\system32\cmd.exe "
    processId: "P_ID:- 5760"
[ Date 06/04/24 12:35:50] INFO: Express server is running on 7070
    processTitle: "PTitle:- C:\WINDOWS\system32\cmd.exe "
    processId: "P_ID:- 15460"
[ Date 06/04/24 12:35:54] INFO: MongoDB connected successfully
    processTitle: "PTitle:- C:\WINDOWS\system32\cmd.exe "
    processId: "P_ID:- 15460"
[ Date 06/04/24 12:35:59] INFO: Express server is running on 7070
    processTitle: "PTitle:- C:\WINDOWS\system32\cmd.exe "
    processId: "P_ID:- 12968"
[ Date 06/04/24 12:36:05] INFO: Express server is running on 7070
    processTitle: "PTitle:- C:\WINDOWS\system32\cmd.exe "
    processId: "P_ID:- 17708"
[ Date 06/04/24 12:36:09] INFO: MongoDB connected successfully
    processTitle: "PTitle:- C:\WINDOWS\system32\cmd.exe "
    processId: "P_ID:- 17708"
[ Date 06/04/24 12:36:17] INFO: Express server is running on 7070
    processTitle: "PTitle:- C:\WINDOWS\system32\cmd.exe "
    processId: "P_ID:- 8684"
[ Date 06/04/24 12:36:23] INFO: Express server is running on 7070
    processTitle: "PTitle:- C:\WINDOWS\system32\cmd.exe "
    processId: "P_ID:- 7512"
[ Date 06/04/24 12:36:27] INFO: Express server is running on 7070
    processTitle: "PTitle:- C:\WINDOWS\system32\cmd.exe "
    processId: "P_ID:- 13788"
[ Date 06/04/24 12:36:30] INFO: Express server is running on 7070
    processTitle: "PTitle:- C:\WINDOWS\system32\cmd.exe "
    processId: "P_ID:- 3456"
[ Date 06/04/24 12:36:34] INFO: Express server is running on 7070
    processTitle: "PTitle:- C:\WINDOWS\system32\cmd.exe "
    processId: "P_ID:- 13544"
[ Date 06/04/24 12:36:35] INFO: Express server is running on 7070
    processTitle: "PTitle:- C:\WINDOWS\system32\cmd.exe "
    processId: "P_ID:- 13576"
[ Date 06/04/24 12:36:37] INFO: MongoDB connected successfully
    processTitle: "PTitle:- C:\WINDOWS\system32\cmd.exe "
    processId: "P_ID:- 13576"
[ Date 06/04/24 12:36:46] INFO: Express server is running on 7070
    processTitle: "PTitle:- C:\WINDOWS\system32\cmd.exe "
    processId: "P_ID:- 12068"
[ Date 06/04/24 12:36:49] INFO: MongoDB connected successfully
    processTitle: "PTitle:- C:\WINDOWS\system32\cmd.exe "
    processId: "P_ID:- 12068"
[ Date 06/04/24 12:36:58] INFO: Express server is running on 7070
    processTitle: "PTitle:- C:\WINDOWS\system32\cmd.exe "
    processId: "P_ID:- 13456"
[ Date 06/04/24 12:37:02] INFO: Express server is running on 7070
    processTitle: "PTitle:- C:\WINDOWS\system32\cmd.exe "
    processId: "P_ID:- 13696"
[ Date 06/04/24 12:37:06] INFO: MongoDB connected successfully
    processTitle: "PTitle:- C:\WINDOWS\system32\cmd.exe "
    processId: "P_ID:- 13696"
[ Date 06/04/24 12:37:12] INFO: Express server is running on 7070
    processTitle: "PTitle:- C:\WINDOWS\system32\cmd.exe "
    processId: "P_ID:- 17412"
[ Date 06/04/24 12:37:15] INFO: Express server is running on 7070
    processTitle: "PTitle:- C:\WINDOWS\system32\cmd.exe "
    processId: "P_ID:- 9684"
[ Date 06/04/24 12:37:17] INFO: MongoDB connected successfully
    processTitle: "PTitle:- C:\WINDOWS\system32\cmd.exe "
    processId: "P_ID:- 9684"
[ Date 06/04/24 12:37:45] INFO: Express server is running on 7070
    processTitle: "PTitle:- C:\WINDOWS\system32\cmd.exe "
    processId: "P_ID:- 18588"
[ Date 06/04/24 12:37:47] INFO: MongoDB connected successfully
    processTitle: "PTitle:- C:\WINDOWS\system32\cmd.exe "
    processId: "P_ID:- 18588"
[ Date 06/04/24 12:37:50] INFO: Express server is running on 7070
    processTitle: "PTitle:- C:\WINDOWS\system32\cmd.exe "
    processId: "P_ID:- 18068"
[ Date 06/04/24 12:37:53] INFO: Express server is running on 7070
    processTitle: "PTitle:- C:\WINDOWS\system32\cmd.exe "
    processId: "P_ID:- 15668"
[ Date 06/04/24 12:37:55] INFO: Express server is running on 7070
    processTitle: "PTitle:- C:\WINDOWS\system32\cmd.exe "
    processId: "P_ID:- 14544"
[ Date 06/04/24 12:37:57] INFO: Express server is running on 7070
    processTitle: "PTitle:- C:\WINDOWS\system32\cmd.exe "
    processId: "P_ID:- 16684"
[ Date 06/04/24 12:37:59] INFO: MongoDB connected successfully
    processTitle: "PTitle:- C:\WINDOWS\system32\cmd.exe "
    processId: "P_ID:- 16684"
[ Date 06/04/24 12:38:07] INFO: Express server is running on 7070
    processTitle: "PTitle:- C:\WINDOWS\system32\cmd.exe "
    processId: "P_ID:- 16624"
[ Date 06/04/24 12:38:10] INFO: MongoDB connected successfully
    processTitle: "PTitle:- C:\WINDOWS\system32\cmd.exe "
    processId: "P_ID:- 16624"
[ Date 06/04/24 12:38:55] INFO: Express server is running on 7070
    processTitle: "PTitle:- C:\WINDOWS\system32\cmd.exe "
    processId: "P_ID:- 13044"
[ Date 06/04/24 12:38:58] INFO: MongoDB connected successfully
    processTitle: "PTitle:- C:\WINDOWS\system32\cmd.exe "
    processId: "P_ID:- 13044"
[ Date 06/04/24 12:39:35] INFO: Express server is running on 7070
    processTitle: "PTitle:- C:\WINDOWS\system32\cmd.exe "
    processId: "P_ID:- 7940"
[ Date 06/04/24 12:39:38] INFO: MongoDB connected successfully
    processTitle: "PTitle:- C:\WINDOWS\system32\cmd.exe "
    processId: "P_ID:- 7940"
[ Date 06/04/24 12:39:46] INFO: Express server is running on 7070
    processTitle: "PTitle:- C:\WINDOWS\system32\cmd.exe "
    processId: "P_ID:- 9612"
[ Date 06/04/24 12:39:49] INFO: MongoDB connected successfully
    processTitle: "PTitle:- C:\WINDOWS\system32\cmd.exe "
    processId: "P_ID:- 9612"
[ Date 06/04/24 12:39:56] INFO: Express server is running on 7070
    processTitle: "PTitle:- C:\WINDOWS\system32\cmd.exe "
    processId: "P_ID:- 19220"
[ Date 06/04/24 12:39:58] INFO: MongoDB connected successfully
    processTitle: "PTitle:- C:\WINDOWS\system32\cmd.exe "
    processId: "P_ID:- 19220"
[ Date 06/04/24 12:40:15] INFO: Express server is running on 7070
    processTitle: "PTitle:- C:\WINDOWS\system32\cmd.exe "
    processId: "P_ID:- 14992"
[ Date 06/04/24 12:40:18] INFO: MongoDB connected successfully
    processTitle: "PTitle:- C:\WINDOWS\system32\cmd.exe "
    processId: "P_ID:- 14992"
[ Date 06/04/24 12:40:43] INFO: Express server is running on 7070
    processTitle: "PTitle:- C:\WINDOWS\system32\cmd.exe "
    processId: "P_ID:- 16788"
[ Date 06/04/24 12:40:46] INFO: Express server is running on 7070
    processTitle: "PTitle:- C:\WINDOWS\system32\cmd.exe "
    processId: "P_ID:- 9460"
[ Date 06/04/24 12:40:50] INFO: MongoDB connected successfully
    processTitle: "PTitle:- C:\WINDOWS\system32\cmd.exe "
    processId: "P_ID:- 9460"
[ Date 06/04/24 12:40:55] INFO: Express server is running on 7070
    processTitle: "PTitle:- C:\WINDOWS\system32\cmd.exe "
    processId: "P_ID:- 16776"
[ Date 06/04/24 12:40:57] INFO: MongoDB connected successfully
    processTitle: "PTitle:- C:\WINDOWS\system32\cmd.exe "
    processId: "P_ID:- 16776"
[ Date 06/04/24 12:41:00] INFO: Express server is running on 7070
    processTitle: "PTitle:- C:\WINDOWS\system32\cmd.exe "
    processId: "P_ID:- 10176"
[ Date 06/04/24 12:41:03] INFO: MongoDB connected successfully
    processTitle: "PTitle:- C:\WINDOWS\system32\cmd.exe "
    processId: "P_ID:- 10176"
[ Date 06/04/24 12:41:12] INFO: Express server is running on 7070
    processTitle: "PTitle:- C:\WINDOWS\system32\cmd.exe "
    processId: "P_ID:- 15160"
[ Date 06/04/24 12:41:15] INFO: MongoDB connected successfully
    processTitle: "PTitle:- C:\WINDOWS\system32\cmd.exe "
    processId: "P_ID:- 15160"
[ Date 06/04/24 12:41:19] INFO: Express server is running on 7070
    processTitle: "PTitle:- C:\WINDOWS\system32\cmd.exe "
    processId: "P_ID:- 13368"
[ Date 06/04/24 12:41:22] INFO: MongoDB connected successfully
    processTitle: "PTitle:- C:\WINDOWS\system32\cmd.exe "
    processId: "P_ID:- 13368"
[ Date 06/04/24 12:41:25] INFO: Express server is running on 7070
    processTitle: "PTitle:- C:\WINDOWS\system32\cmd.exe "
    processId: "P_ID:- 1260"
[ Date 06/04/24 12:41:28] INFO: MongoDB connected successfully
    processTitle: "PTitle:- C:\WINDOWS\system32\cmd.exe "
    processId: "P_ID:- 1260"
[ Date 06/04/24 12:41:37] INFO: Express server is running on 7070
    processTitle: "PTitle:- C:\WINDOWS\system32\cmd.exe "
    processId: "P_ID:- 12464"
[ Date 06/04/24 12:41:41] INFO: Express server is running on 7070
    processTitle: "PTitle:- C:\WINDOWS\system32\cmd.exe "
    processId: "P_ID:- 4196"
[ Date 06/04/24 12:41:43] INFO: MongoDB connected successfully
    processTitle: "PTitle:- C:\WINDOWS\system32\cmd.exe "
    processId: "P_ID:- 4196"
[ Date 06/04/24 12:41:47] INFO: Express server is running on 7070
    processTitle: "PTitle:- C:\WINDOWS\system32\cmd.exe "
    processId: "P_ID:- 13428"
[ Date 06/04/24 12:41:50] INFO: Express server is running on 7070
    processTitle: "PTitle:- C:\WINDOWS\system32\cmd.exe "
    processId: "P_ID:- 14688"
[ Date 06/04/24 12:41:53] INFO: MongoDB connected successfully
    processTitle: "PTitle:- C:\WINDOWS\system32\cmd.exe "
    processId: "P_ID:- 14688"
[ Date 06/04/24 12:41:58] INFO: Express server is running on 7070
    processTitle: "PTitle:- C:\WINDOWS\system32\cmd.exe "
    processId: "P_ID:- 4344"
[ Date 06/04/24 12:42:00] INFO: MongoDB connected successfully
    processTitle: "PTitle:- C:\WINDOWS\system32\cmd.exe "
    processId: "P_ID:- 4344"
[ Date 06/04/24 12:42:03] INFO: Express server is running on 7070
    processTitle: "PTitle:- C:\WINDOWS\system32\cmd.exe "
    processId: "P_ID:- 6636"
[ Date 06/04/24 12:42:05] INFO: MongoDB connected successfully
    processTitle: "PTitle:- C:\WINDOWS\system32\cmd.exe "
    processId: "P_ID:- 6636"
[ Date 06/04/24 12:42:26] INFO: Express server is running on 7070
    processTitle: "PTitle:- C:\WINDOWS\system32\cmd.exe "
    processId: "P_ID:- 8196"
[ Date 06/04/24 12:42:29] INFO: MongoDB connected successfully
    processTitle: "PTitle:- C:\WINDOWS\system32\cmd.exe "
    processId: "P_ID:- 8196"
[ Date 06/04/24 12:43:13] INFO: Express server is running on 7070
    processTitle: "PTitle:- C:\WINDOWS\system32\cmd.exe "
    processId: "P_ID:- 9612"
[ Date 06/04/24 12:43:16] INFO: MongoDB connected successfully
    processTitle: "PTitle:- C:\WINDOWS\system32\cmd.exe "
    processId: "P_ID:- 9612"
[ Date 06/04/24 12:45:01] ERROR: Error inserting question:
    processTitle: "PTitle:- C:\WINDOWS\system32\cmd.exe "
    processId: "P_ID:- 9612"
[ Date 06/04/24 12:45:24] INFO: Express server is running on 7070
    processTitle: "PTitle:- C:\WINDOWS\system32\cmd.exe "
    processId: "P_ID:- 17180"
[ Date 06/04/24 12:45:27] INFO: Express server is running on 7070
    processTitle: "PTitle:- C:\WINDOWS\system32\cmd.exe "
    processId: "P_ID:- 17664"
[ Date 06/04/24 12:45:28] INFO: Express server is running on 7070
    processTitle: "PTitle:- C:\WINDOWS\system32\cmd.exe "
    processId: "P_ID:- 18800"
[ Date 06/04/24 12:45:31] INFO: Express server is running on 7070
    processTitle: "PTitle:- C:\WINDOWS\system32\cmd.exe "
    processId: "P_ID:- 17724"
[ Date 06/04/24 12:45:34] INFO: MongoDB connected successfully
    processTitle: "PTitle:- C:\WINDOWS\system32\cmd.exe "
    processId: "P_ID:- 17724"
[ Date 06/04/24 12:45:39] INFO: Express server is running on 7070
    processTitle: "PTitle:- C:\WINDOWS\system32\cmd.exe "
    processId: "P_ID:- 17152"
[ Date 06/04/24 12:45:41] INFO: MongoDB connected successfully
    processTitle: "PTitle:- C:\WINDOWS\system32\cmd.exe "
    processId: "P_ID:- 17152"
[ Date 06/04/24 12:46:34] INFO: Express server is running on 7070
    processTitle: "PTitle:- C:\WINDOWS\system32\cmd.exe "
    processId: "P_ID:- 18108"
[ Date 06/04/24 12:46:37] INFO: MongoDB connected successfully
    processTitle: "PTitle:- C:\WINDOWS\system32\cmd.exe "
    processId: "P_ID:- 18108"
[ Date 06/04/24 12:46:39] INFO: Express server is running on 7070
    processTitle: "PTitle:- C:\WINDOWS\system32\cmd.exe "
    processId: "P_ID:- 3120"
[ Date 06/04/24 12:46:42] INFO: MongoDB connected successfully
    processTitle: "PTitle:- C:\WINDOWS\system32\cmd.exe "
    processId: "P_ID:- 3120"
[ Date 06/04/24 12:46:45] INFO: Express server is running on 7070
    processTitle: "PTitle:- C:\WINDOWS\system32\cmd.exe "
    processId: "P_ID:- 3364"
[ Date 06/04/24 12:46:52] INFO: Express server is running on 7070
    processTitle: "PTitle:- C:\WINDOWS\system32\cmd.exe "
    processId: "P_ID:- 1836"
[ Date 06/04/24 12:46:54] INFO: Express server is running on 7070
    processTitle: "PTitle:- C:\WINDOWS\system32\cmd.exe "
    processId: "P_ID:- 16512"
[ Date 06/04/24 12:46:56] INFO: MongoDB connected successfully
    processTitle: "PTitle:- C:\WINDOWS\system32\cmd.exe "
    processId: "P_ID:- 16512"
[ Date 06/04/24 12:47:58] INFO: Express server is running on 7070
    processTitle: "PTitle:- C:\WINDOWS\system32\cmd.exe "
    processId: "P_ID:- 11804"
[ Date 06/04/24 12:48:01] INFO: MongoDB connected successfully
    processTitle: "PTitle:- C:\WINDOWS\system32\cmd.exe "
    processId: "P_ID:- 11804"
[ Date 06/04/24 12:49:35] INFO: Express server is running on 7070
    processTitle: "PTitle:- C:\WINDOWS\system32\cmd.exe "
    processId: "P_ID:- 18068"
[ Date 06/04/24 12:49:39] INFO: Express server is running on 7070
    processTitle: "PTitle:- C:\WINDOWS\system32\cmd.exe "
    processId: "P_ID:- 2752"
[ Date 06/04/24 12:49:42] INFO: MongoDB connected successfully
    processTitle: "PTitle:- C:\WINDOWS\system32\cmd.exe "
    processId: "P_ID:- 2752"
[ Date 06/04/24 12:50:07] INFO: Express server is running on 7070
    processTitle: "PTitle:- C:\WINDOWS\system32\cmd.exe "
    processId: "P_ID:- 6192"
[ Date 06/04/24 12:50:11] INFO: Express server is running on 7070
    processTitle: "PTitle:- C:\WINDOWS\system32\cmd.exe "
    processId: "P_ID:- 9752"
[ Date 06/04/24 12:50:14] INFO: MongoDB connected successfully
    processTitle: "PTitle:- C:\WINDOWS\system32\cmd.exe "
    processId: "P_ID:- 9752"
[ Date 06/04/24 12:56:17] INFO: Express server is running on 7070
    processTitle: "PTitle:- C:\WINDOWS\system32\cmd.exe "
    processId: "P_ID:- 16532"
[ Date 06/04/24 12:56:19] INFO: Express server is running on 7070
    processTitle: "PTitle:- C:\WINDOWS\system32\cmd.exe "
    processId: "P_ID:- 19292"
[ Date 06/04/24 12:56:23] INFO: Express server is running on 7070
    processTitle: "PTitle:- C:\WINDOWS\system32\cmd.exe "
    processId: "P_ID:- 18864"
[ Date 06/04/24 12:56:27] INFO: Express server is running on 7070
    processTitle: "PTitle:- C:\WINDOWS\system32\cmd.exe "
    processId: "P_ID:- 15788"
[ Date 06/04/24 12:56:29] INFO: Express server is running on 7070
    processTitle: "PTitle:- C:\WINDOWS\system32\cmd.exe "
    processId: "P_ID:- 6748"
[ Date 06/04/24 12:56:34] INFO: Express server is running on 7070
    processTitle: "PTitle:- C:\WINDOWS\system32\cmd.exe "
    processId: "P_ID:- 12680"
[ Date 06/04/24 12:56:36] INFO: MongoDB connected successfully
    processTitle: "PTitle:- C:\WINDOWS\system32\cmd.exe "
    processId: "P_ID:- 12680"
[ Date 06/04/24 12:56:40] INFO: Express server is running on 7070
    processTitle: "PTitle:- C:\WINDOWS\system32\cmd.exe "
    processId: "P_ID:- 12164"
[ Date 06/04/24 12:56:59] INFO: Express server is running on 7070
    processTitle: "PTitle:- C:\WINDOWS\system32\cmd.exe "
    processId: "P_ID:- 8256"
[ Date 06/04/24 12:57:02] INFO: MongoDB connected successfully
    processTitle: "PTitle:- C:\WINDOWS\system32\cmd.exe "
    processId: "P_ID:- 8256"
[ Date 06/04/24 12:57:11] INFO: Express server is running on 7070
    processTitle: "PTitle:- C:\WINDOWS\system32\cmd.exe "
    processId: "P_ID:- 12584"
[ Date 06/04/24 12:57:14] INFO: MongoDB connected successfully
    processTitle: "PTitle:- C:\WINDOWS\system32\cmd.exe "
    processId: "P_ID:- 12584"
[ Date 06/04/24 12:57:21] INFO: Express server is running on 7070
    processTitle: "PTitle:- C:\WINDOWS\system32\cmd.exe "
    processId: "P_ID:- 3744"
[ Date 06/04/24 12:57:24] INFO: MongoDB connected successfully
    processTitle: "PTitle:- C:\WINDOWS\system32\cmd.exe "
    processId: "P_ID:- 3744"
[ Date 06/04/24 12:58:31] INFO: Express server is running on 7070
    processTitle: "PTitle:- C:\WINDOWS\system32\cmd.exe "
    processId: "P_ID:- 8988"
[ Date 06/04/24 12:58:34] INFO: MongoDB connected successfully
    processTitle: "PTitle:- C:\WINDOWS\system32\cmd.exe "
    processId: "P_ID:- 8988"
[ Date 06/04/24 12:58:37] INFO: Express server is running on 7070
    processTitle: "PTitle:- C:\WINDOWS\system32\cmd.exe "
    processId: "P_ID:- 17676"
[ Date 06/04/24 12:58:40] INFO: Express server is running on 7070
    processTitle: "PTitle:- C:\WINDOWS\system32\cmd.exe "
    processId: "P_ID:- 16144"
[ Date 06/04/24 12:58:42] INFO: Express server is running on 7070
    processTitle: "PTitle:- C:\WINDOWS\system32\cmd.exe "
    processId: "P_ID:- 16612"
[ Date 06/04/24 12:58:43] INFO: Express server is running on 7070
    processTitle: "PTitle:- C:\WINDOWS\system32\cmd.exe "
    processId: "P_ID:- 6948"
[ Date 06/04/24 12:58:46] INFO: Express server is running on 7070
    processTitle: "PTitle:- C:\WINDOWS\system32\cmd.exe "
    processId: "P_ID:- 6724"
[ Date 06/04/24 12:58:49] INFO: Express server is running on 7070
    processTitle: "PTitle:- C:\WINDOWS\system32\cmd.exe "
    processId: "P_ID:- 5692"
[ Date 06/04/24 12:58:51] INFO: Express server is running on 7070
    processTitle: "PTitle:- C:\WINDOWS\system32\cmd.exe "
    processId: "P_ID:- 5040"
[ Date 06/04/24 12:58:55] INFO: Express server is running on 7070
    processTitle: "PTitle:- C:\WINDOWS\system32\cmd.exe "
    processId: "P_ID:- 13692"
[ Date 06/04/24 12:58:58] INFO: Express server is running on 7070
    processTitle: "PTitle:- C:\WINDOWS\system32\cmd.exe "
    processId: "P_ID:- 10324"
[ Date 06/04/24 12:59:00] INFO: MongoDB connected successfully
    processTitle: "PTitle:- C:\WINDOWS\system32\cmd.exe "
    processId: "P_ID:- 10324"
[ Date 06/04/24 12:59:04] INFO: Express server is running on 7070
    processTitle: "PTitle:- C:\WINDOWS\system32\cmd.exe "
    processId: "P_ID:- 15304"
[ Date 06/04/24 12:59:07] INFO: MongoDB connected successfully
    processTitle: "PTitle:- C:\WINDOWS\system32\cmd.exe "
    processId: "P_ID:- 15304"
[ Date 06/04/24 12:59:09] INFO: Express server is running on 7070
    processTitle: "PTitle:- C:\WINDOWS\system32\cmd.exe "
    processId: "P_ID:- 10860"
[ Date 06/04/24 12:59:13] INFO: Express server is running on 7070
    processTitle: "PTitle:- C:\WINDOWS\system32\cmd.exe "
    processId: "P_ID:- 18336"
[ Date 06/04/24 12:59:15] INFO: MongoDB connected successfully
    processTitle: "PTitle:- C:\WINDOWS\system32\cmd.exe "
    processId: "P_ID:- 18336"
[ Date 06/04/24 12:59:19] INFO: Express server is running on 7070
    processTitle: "PTitle:- C:\WINDOWS\system32\cmd.exe "
    processId: "P_ID:- 9744"
[ Date 06/04/24 12:59:21] INFO: MongoDB connected successfully
    processTitle: "PTitle:- C:\WINDOWS\system32\cmd.exe "
    processId: "P_ID:- 9744"
[ Date 06/04/24 12:59:28] INFO: Express server is running on 7070
    processTitle: "PTitle:- C:\WINDOWS\system32\cmd.exe "
    processId: "P_ID:- 10532"
[ Date 06/04/24 12:59:31] INFO: MongoDB connected successfully
    processTitle: "PTitle:- C:\WINDOWS\system32\cmd.exe "
    processId: "P_ID:- 10532"
[ Date 06/04/24 12:59:45] INFO: Express server is running on 7070
    processTitle: "PTitle:- C:\WINDOWS\system32\cmd.exe "
    processId: "P_ID:- 17756"
[ Date 06/04/24 12:59:48] INFO: Express server is running on 7070
    processTitle: "PTitle:- C:\WINDOWS\system32\cmd.exe "
    processId: "P_ID:- 14540"
[ Date 06/04/24 12:59:58] INFO: Express server is running on 7070
    processTitle: "PTitle:- C:\WINDOWS\system32\cmd.exe "
    processId: "P_ID:- 17064"
[ Date 06/04/24 13:00:01] INFO: MongoDB connected successfully
    processTitle: "PTitle:- C:\WINDOWS\system32\cmd.exe "
    processId: "P_ID:- 17064"
[ Date 06/04/24 13:00:24] INFO: Express server is running on 7070
    processTitle: "PTitle:- C:\WINDOWS\system32\cmd.exe "
    processId: "P_ID:- 19164"
[ Date 06/04/24 13:00:27] INFO: Express server is running on 7070
    processTitle: "PTitle:- C:\WINDOWS\system32\cmd.exe "
    processId: "P_ID:- 17136"
[ Date 06/04/24 13:00:29] INFO: MongoDB connected successfully
    processTitle: "PTitle:- C:\WINDOWS\system32\cmd.exe "
    processId: "P_ID:- 17136"
[ Date 06/04/24 13:00:34] INFO: Express server is running on 7070
    processTitle: "PTitle:- C:\WINDOWS\system32\cmd.exe "
    processId: "P_ID:- 16920"
[ Date 06/04/24 13:00:37] INFO: MongoDB connected successfully
    processTitle: "PTitle:- C:\WINDOWS\system32\cmd.exe "
    processId: "P_ID:- 16920"
[ Date 06/04/24 13:00:39] INFO: Express server is running on 7070
    processTitle: "PTitle:- C:\WINDOWS\system32\cmd.exe "
    processId: "P_ID:- 4068"
[ Date 06/04/24 13:00:44] INFO: Express server is running on 7070
    processTitle: "PTitle:- C:\WINDOWS\system32\cmd.exe "
    processId: "P_ID:- 15500"
[ Date 06/04/24 13:00:47] INFO: MongoDB connected successfully
    processTitle: "PTitle:- C:\WINDOWS\system32\cmd.exe "
    processId: "P_ID:- 15500"
[ Date 06/04/24 13:01:17] INFO: Express server is running on 7070
    processTitle: "PTitle:- C:\WINDOWS\system32\cmd.exe "
    processId: "P_ID:- 16372"
[ Date 06/04/24 13:01:20] INFO: MongoDB connected successfully
    processTitle: "PTitle:- C:\WINDOWS\system32\cmd.exe "
    processId: "P_ID:- 16372"
[ Date 06/04/24 13:27:02] INFO: Express server is running on 7070
    processTitle: "PTitle:- C:\WINDOWS\system32\cmd.exe "
    processId: "P_ID:- 4028"
[ Date 06/04/24 13:27:05] INFO: MongoDB connected successfully
    processTitle: "PTitle:- C:\WINDOWS\system32\cmd.exe "
    processId: "P_ID:- 4028"
[ Date 06/04/24 13:27:11] INFO: Express server is running on 7070
    processTitle: "PTitle:- C:\WINDOWS\system32\cmd.exe "
    processId: "P_ID:- 2100"
[ Date 06/04/24 13:27:14] INFO: MongoDB connected successfully
    processTitle: "PTitle:- C:\WINDOWS\system32\cmd.exe "
    processId: "P_ID:- 2100"
[ Date 06/04/24 13:27:26] INFO: Express server is running on 7070
    processTitle: "PTitle:- C:\WINDOWS\system32\cmd.exe "
    processId: "P_ID:- 4016"
[ Date 06/04/24 13:27:32] INFO: Express server is running on 7070
    processTitle: "PTitle:- C:\WINDOWS\system32\cmd.exe "
    processId: "P_ID:- 7392"
[ Date 06/04/24 13:27:35] INFO: MongoDB connected successfully
    processTitle: "PTitle:- C:\WINDOWS\system32\cmd.exe "
    processId: "P_ID:- 7392"
[ Date 06/04/24 13:44:24] INFO: Express server is running on 7070
    processTitle: "PTitle:- C:\WINDOWS\system32\cmd.exe "
    processId: "P_ID:- 18120"
[ Date 06/04/24 13:44:27] INFO: MongoDB connected successfully
    processTitle: "PTitle:- C:\WINDOWS\system32\cmd.exe "
    processId: "P_ID:- 18120"
[ Date 06/04/24 13:48:43] INFO: Express server is running on 7070
    processTitle: "PTitle:- C:\WINDOWS\system32\cmd.exe "
    processId: "P_ID:- 11940"
[ Date 06/04/24 13:48:46] INFO: MongoDB connected successfully
    processTitle: "PTitle:- C:\WINDOWS\system32\cmd.exe "
    processId: "P_ID:- 11940"
[ Date 06/04/24 13:48:57] INFO: Express server is running on 7070
    processTitle: "PTitle:- C:\WINDOWS\system32\cmd.exe "
    processId: "P_ID:- 10356"
[ Date 06/04/24 13:48:59] INFO: Express server is running on 7070
    processTitle: "PTitle:- C:\WINDOWS\system32\cmd.exe "
    processId: "P_ID:- 8724"
[ Date 06/04/24 13:49:00] INFO: Express server is running on 7070
    processTitle: "PTitle:- C:\WINDOWS\system32\cmd.exe "
    processId: "P_ID:- 6724"
[ Date 06/04/24 13:49:03] INFO: MongoDB connected successfully
    processTitle: "PTitle:- C:\WINDOWS\system32\cmd.exe "
    processId: "P_ID:- 6724"
[ Date 06/04/24 13:49:11] INFO: Express server is running on 7070
    processTitle: "PTitle:- C:\WINDOWS\system32\cmd.exe "
    processId: "P_ID:- 15060"
[ Date 06/04/24 13:49:13] INFO: Express server is running on 7070
    processTitle: "PTitle:- C:\WINDOWS\system32\cmd.exe "
    processId: "P_ID:- 15432"
[ Date 06/04/24 13:49:25] INFO: Express server is running on 7070
    processTitle: "PTitle:- C:\WINDOWS\system32\cmd.exe "
    processId: "P_ID:- 3504"
[ Date 06/04/24 13:49:27] INFO: Express server is running on 7070
    processTitle: "PTitle:- C:\WINDOWS\system32\cmd.exe "
    processId: "P_ID:- 12004"
[ Date 06/04/24 13:49:31] INFO: Express server is running on 7070
    processTitle: "PTitle:- C:\WINDOWS\system32\cmd.exe "
    processId: "P_ID:- 10968"
[ Date 06/04/24 13:49:34] INFO: MongoDB connected successfully
    processTitle: "PTitle:- C:\WINDOWS\system32\cmd.exe "
    processId: "P_ID:- 10968"
[ Date 06/04/24 13:49:43] INFO: Express server is running on 7070
    processTitle: "PTitle:- C:\WINDOWS\system32\cmd.exe "
    processId: "P_ID:- 2864"
[ Date 06/04/24 13:49:45] INFO: MongoDB connected successfully
    processTitle: "PTitle:- C:\WINDOWS\system32\cmd.exe "
    processId: "P_ID:- 2864"
[ Date 06/04/24 13:50:00] INFO: Express server is running on 7070
    processTitle: "PTitle:- C:\WINDOWS\system32\cmd.exe "
    processId: "P_ID:- 17988"
[ Date 06/04/24 13:50:03] INFO: MongoDB connected successfully
    processTitle: "PTitle:- C:\WINDOWS\system32\cmd.exe "
    processId: "P_ID:- 17988"
[ Date 06/04/24 14:08:08] INFO: Express server is running on 7070
    processTitle: "PTitle:- C:\WINDOWS\system32\cmd.exe "
    processId: "P_ID:- 17728"
[ Date 06/04/24 14:08:11] INFO: MongoDB connected successfully
    processTitle: "PTitle:- C:\WINDOWS\system32\cmd.exe "
    processId: "P_ID:- 17728"
[ Date 06/04/24 14:08:42] INFO: Express server is running on 7070
    processTitle: "PTitle:- C:\WINDOWS\system32\cmd.exe "
    processId: "P_ID:- 1052"
[ Date 06/04/24 14:08:47] INFO: Express server is running on 7070
    processTitle: "PTitle:- C:\WINDOWS\system32\cmd.exe "
    processId: "P_ID:- 11072"
[ Date 06/04/24 14:08:49] INFO: MongoDB connected successfully
    processTitle: "PTitle:- C:\WINDOWS\system32\cmd.exe "
    processId: "P_ID:- 11072"
[ Date 06/04/24 14:08:56] INFO: Express server is running on 7070
    processTitle: "PTitle:- C:\WINDOWS\system32\cmd.exe "
    processId: "P_ID:- 18736"
[ Date 06/04/24 14:08:59] INFO: MongoDB connected successfully
    processTitle: "PTitle:- C:\WINDOWS\system32\cmd.exe "
    processId: "P_ID:- 18736"
[ Date 06/04/24 14:09:15] INFO: Express server is running on 7070
    processTitle: "PTitle:- C:\WINDOWS\system32\cmd.exe "
    processId: "P_ID:- 9600"
[ Date 06/04/24 14:09:18] INFO: Express server is running on 7070
    processTitle: "PTitle:- C:\WINDOWS\system32\cmd.exe "
    processId: "P_ID:- 136"
[ Date 06/04/24 14:09:21] INFO: MongoDB connected successfully
    processTitle: "PTitle:- C:\WINDOWS\system32\cmd.exe "
    processId: "P_ID:- 136"
[ Date 06/04/24 14:09:56] INFO: Express server is running on 7070
    processTitle: "PTitle:- C:\WINDOWS\system32\cmd.exe "
    processId: "P_ID:- 2404"
[ Date 06/04/24 14:10:00] INFO: MongoDB connected successfully
    processTitle: "PTitle:- C:\WINDOWS\system32\cmd.exe "
    processId: "P_ID:- 2404"
[ Date 06/04/24 14:10:58] ERROR: Error submitting answers:
    processTitle: "PTitle:- C:\WINDOWS\system32\cmd.exe "
    processId: "P_ID:- 2404"
[ Date 06/04/24 14:12:11] INFO: Express server is running on 7070
    processTitle: "PTitle:- C:\WINDOWS\system32\cmd.exe "
    processId: "P_ID:- 11072"
[ Date 06/04/24 14:12:15] INFO: Express server is running on 7070
    processTitle: "PTitle:- C:\WINDOWS\system32\cmd.exe "
    processId: "P_ID:- 12932"
[ Date 06/04/24 14:12:18] INFO: MongoDB connected successfully
    processTitle: "PTitle:- C:\WINDOWS\system32\cmd.exe "
    processId: "P_ID:- 12932"
[ Date 06/04/24 14:17:19] ERROR: Error submitting answers:
    processTitle: "PTitle:- C:\WINDOWS\system32\cmd.exe "
    processId: "P_ID:- 12932"
[ Date 06/04/24 14:17:50] INFO: Express server is running on 7070
    processTitle: "PTitle:- C:\WINDOWS\system32\cmd.exe "
    processId: "P_ID:- 12016"
[ Date 06/04/24 14:17:53] INFO: MongoDB connected successfully
    processTitle: "PTitle:- C:\WINDOWS\system32\cmd.exe "
    processId: "P_ID:- 12016"
[ Date 06/04/24 14:18:17] ERROR: Cannot read properties of undefined (reading 'answer')
    processTitle: "PTitle:- C:\WINDOWS\system32\cmd.exe "
    processId: "P_ID:- 12016"
[ Date 06/04/24 14:19:48] INFO: Express server is running on 7070
    processTitle: "PTitle:- C:\WINDOWS\system32\cmd.exe "
    processId: "P_ID:- 7276"
[ Date 06/04/24 14:19:52] INFO: MongoDB connected successfully
    processTitle: "PTitle:- C:\WINDOWS\system32\cmd.exe "
    processId: "P_ID:- 7276"
[ Date 06/04/24 14:23:59] INFO: Express server is running on 7070
    processTitle: "PTitle:- C:\WINDOWS\system32\cmd.exe "
    processId: "P_ID:- 8016"
[ Date 06/04/24 14:24:02] INFO: MongoDB connected successfully
    processTitle: "PTitle:- C:\WINDOWS\system32\cmd.exe "
    processId: "P_ID:- 8016"
[ Date 06/04/24 15:07:49] INFO: Express server is running on 7070
    processTitle: "PTitle:- C:\WINDOWS\system32\cmd.exe "
    processId: "P_ID:- 16536"
[ Date 06/04/24 15:07:52] INFO: Express server is running on 7070
    processTitle: "PTitle:- C:\WINDOWS\system32\cmd.exe "
    processId: "P_ID:- 6748"
[ Date 06/04/24 15:07:56] INFO: MongoDB connected successfully
    processTitle: "PTitle:- C:\WINDOWS\system32\cmd.exe "
    processId: "P_ID:- 6748"
[ Date 06/04/24 15:10:23] INFO: Express server is running on 7070
    processTitle: "PTitle:- C:\WINDOWS\system32\cmd.exe "
    processId: "P_ID:- 17108"
[ Date 06/04/24 15:10:26] INFO: MongoDB connected successfully
    processTitle: "PTitle:- C:\WINDOWS\system32\cmd.exe "
    processId: "P_ID:- 17108"
[ Date 06/04/24 15:11:37] INFO: Express server is running on 7070
    processTitle: "PTitle:- C:\WINDOWS\system32\cmd.exe "
    processId: "P_ID:- 16964"
[ Date 06/04/24 15:11:41] INFO: MongoDB connected successfully
    processTitle: "PTitle:- C:\WINDOWS\system32\cmd.exe "
    processId: "P_ID:- 16964"
[ Date 06/04/24 15:19:11] INFO: Express server is running on 7070
    processTitle: "PTitle:- C:\WINDOWS\system32\cmd.exe "
    processId: "P_ID:- 5376"
[ Date 06/04/24 15:19:13] INFO: Express server is running on 7070
    processTitle: "PTitle:- C:\WINDOWS\system32\cmd.exe "
    processId: "P_ID:- 6428"
[ Date 06/04/24 15:19:17] INFO: Express server is running on 7070
    processTitle: "PTitle:- C:\WINDOWS\system32\cmd.exe "
    processId: "P_ID:- 14764"
[ Date 06/04/24 15:19:18] INFO: Express server is running on 7070
    processTitle: "PTitle:- C:\WINDOWS\system32\cmd.exe "
    processId: "P_ID:- 19256"
[ Date 06/04/24 15:19:21] INFO: MongoDB connected successfully
    processTitle: "PTitle:- C:\WINDOWS\system32\cmd.exe "
    processId: "P_ID:- 19256"
[ Date 06/04/24 15:19:35] INFO: Express server is running on 7070
    processTitle: "PTitle:- C:\WINDOWS\system32\cmd.exe "
    processId: "P_ID:- 11308"
[ Date 06/04/24 15:19:43] INFO: MongoDB connected successfully
    processTitle: "PTitle:- C:\WINDOWS\system32\cmd.exe "
    processId: "P_ID:- 11308"
[ Date 06/04/24 15:26:49] INFO: Express server is running on 7070
    processTitle: "PTitle:- C:\WINDOWS\system32\cmd.exe "
    processId: "P_ID:- 9600"
[ Date 06/04/24 15:26:52] INFO: MongoDB connected successfully
    processTitle: "PTitle:- C:\WINDOWS\system32\cmd.exe "
    processId: "P_ID:- 9600"
[ Date 06/04/24 15:30:54] INFO: Express server is running on 7070
    processTitle: "PTitle:- C:\WINDOWS\system32\cmd.exe "
    processId: "P_ID:- 15880"
[ Date 06/04/24 15:30:57] INFO: MongoDB connected successfully
    processTitle: "PTitle:- C:\WINDOWS\system32\cmd.exe "
    processId: "P_ID:- 15880"
[ Date 06/04/24 15:57:37] INFO: Express server is running on 7070
    processTitle: "PTitle:- C:\WINDOWS\system32\cmd.exe "
    processId: "P_ID:- 17000"
[ Date 06/04/24 15:57:40] INFO: MongoDB connected successfully
    processTitle: "PTitle:- C:\WINDOWS\system32\cmd.exe "
    processId: "P_ID:- 17000"
[ Date 06/04/24 15:58:01] INFO: Express server is running on 7070
    processTitle: "PTitle:- C:\WINDOWS\system32\cmd.exe "
    processId: "P_ID:- 13064"
[ Date 06/04/24 15:58:03] INFO: Express server is running on 7070
    processTitle: "PTitle:- C:\WINDOWS\system32\cmd.exe "
    processId: "P_ID:- 14224"
[ Date 06/04/24 15:58:04] INFO: Express server is running on 7070
    processTitle: "PTitle:- C:\WINDOWS\system32\cmd.exe "
    processId: "P_ID:- 18232"
[ Date 06/04/24 15:58:07] INFO: Express server is running on 7070
    processTitle: "PTitle:- C:\WINDOWS\system32\cmd.exe "
    processId: "P_ID:- 8284"
[ Date 06/04/24 15:58:11] INFO: Express server is running on 7070
    processTitle: "PTitle:- C:\WINDOWS\system32\cmd.exe "
    processId: "P_ID:- 15756"
[ Date 06/04/24 15:58:15] INFO: Express server is running on 7070
    processTitle: "PTitle:- C:\WINDOWS\system32\cmd.exe "
    processId: "P_ID:- 18252"
[ Date 06/04/24 15:58:18] INFO: Express server is running on 7070
    processTitle: "PTitle:- C:\WINDOWS\system32\cmd.exe "
    processId: "P_ID:- 15208"
[ Date 06/04/24 15:58:21] INFO: MongoDB connected successfully
    processTitle: "PTitle:- C:\WINDOWS\system32\cmd.exe "
    processId: "P_ID:- 15208"
[ Date 06/04/24 15:59:03] INFO: Express server is running on 7070
    processTitle: "PTitle:- C:\WINDOWS\system32\cmd.exe "
    processId: "P_ID:- 19124"
[ Date 06/04/24 15:59:06] INFO: MongoDB connected successfully
    processTitle: "PTitle:- C:\WINDOWS\system32\cmd.exe "
    processId: "P_ID:- 19124"
[ Date 06/04/24 15:59:10] INFO: Express server is running on 7070
    processTitle: "PTitle:- C:\WINDOWS\system32\cmd.exe "
    processId: "P_ID:- 11016"
[ Date 06/04/24 15:59:13] INFO: Express server is running on 7070
    processTitle: "PTitle:- C:\WINDOWS\system32\cmd.exe "
    processId: "P_ID:- 5476"
[ Date 06/04/24 15:59:17] INFO: Express server is running on 7070
    processTitle: "PTitle:- C:\WINDOWS\system32\cmd.exe "
    processId: "P_ID:- 15836"
[ Date 06/04/24 15:59:20] INFO: Express server is running on 7070
    processTitle: "PTitle:- C:\WINDOWS\system32\cmd.exe "
    processId: "P_ID:- 6012"
[ Date 06/04/24 15:59:25] INFO: Express server is running on 7070
    processTitle: "PTitle:- C:\WINDOWS\system32\cmd.exe "
    processId: "P_ID:- 9328"
[ Date 06/04/24 15:59:27] INFO: MongoDB connected successfully
    processTitle: "PTitle:- C:\WINDOWS\system32\cmd.exe "
    processId: "P_ID:- 9328"
[ Date 06/04/24 15:59:29] INFO: Express server is running on 7070
    processTitle: "PTitle:- C:\WINDOWS\system32\cmd.exe "
    processId: "P_ID:- 4004"
[ Date 06/04/24 15:59:32] INFO: MongoDB connected successfully
    processTitle: "PTitle:- C:\WINDOWS\system32\cmd.exe "
    processId: "P_ID:- 4004"
[ Date 06/04/24 15:59:42] INFO: Express server is running on 7070
    processTitle: "PTitle:- C:\WINDOWS\system32\cmd.exe "
    processId: "P_ID:- 5936"
[ Date 06/04/24 15:59:45] INFO: MongoDB connected successfully
    processTitle: "PTitle:- C:\WINDOWS\system32\cmd.exe "
    processId: "P_ID:- 5936"
[ Date 06/04/24 15:59:51] INFO: Express server is running on 7070
    processTitle: "PTitle:- C:\WINDOWS\system32\cmd.exe "
    processId: "P_ID:- 9100"
[ Date 06/04/24 15:59:53] INFO: Express server is running on 7070
    processTitle: "PTitle:- C:\WINDOWS\system32\cmd.exe "
    processId: "P_ID:- 18320"
[ Date 06/04/24 15:59:56] INFO: MongoDB connected successfully
    processTitle: "PTitle:- C:\WINDOWS\system32\cmd.exe "
    processId: "P_ID:- 18320"
[ Date 06/04/24 16:00:05] INFO: Express server is running on 7070
    processTitle: "PTitle:- C:\WINDOWS\system32\cmd.exe "
    processId: "P_ID:- 4080"
[ Date 06/04/24 16:00:21] INFO: Express server is running on 7070
    processTitle: "PTitle:- C:\WINDOWS\system32\cmd.exe "
    processId: "P_ID:- 8500"
[ Date 06/04/24 16:00:24] INFO: Express server is running on 7070
    processTitle: "PTitle:- C:\WINDOWS\system32\cmd.exe "
    processId: "P_ID:- 8240"
[ Date 06/04/24 16:00:26] INFO: Express server is running on 7070
    processTitle: "PTitle:- C:\WINDOWS\system32\cmd.exe "
    processId: "P_ID:- 18052"
[ Date 06/04/24 16:00:29] INFO: Express server is running on 7070
    processTitle: "PTitle:- C:\WINDOWS\system32\cmd.exe "
    processId: "P_ID:- 14628"
[ Date 06/04/24 16:00:30] INFO: Express server is running on 7070
    processTitle: "PTitle:- C:\WINDOWS\system32\cmd.exe "
    processId: "P_ID:- 14432"
[ Date 06/04/24 16:00:32] INFO: Express server is running on 7070
    processTitle: "PTitle:- C:\WINDOWS\system32\cmd.exe "
    processId: "P_ID:- 10568"
[ Date 06/04/24 16:00:40] INFO: Express server is running on 7070
    processTitle: "PTitle:- C:\WINDOWS\system32\cmd.exe "
    processId: "P_ID:- 19252"
[ Date 06/04/24 16:00:43] INFO: Express server is running on 7070
    processTitle: "PTitle:- C:\WINDOWS\system32\cmd.exe "
    processId: "P_ID:- 17036"
[ Date 06/04/24 16:00:46] INFO: MongoDB connected successfully
    processTitle: "PTitle:- C:\WINDOWS\system32\cmd.exe "
    processId: "P_ID:- 17036"
[ Date 06/04/24 16:01:04] INFO: Express server is running on 7070
    processTitle: "PTitle:- C:\WINDOWS\system32\cmd.exe "
    processId: "P_ID:- 6540"
[ Date 06/04/24 16:01:06] INFO: MongoDB connected successfully
    processTitle: "PTitle:- C:\WINDOWS\system32\cmd.exe "
    processId: "P_ID:- 6540"
[ Date 06/04/24 16:01:11] INFO: Express server is running on 7070
    processTitle: "PTitle:- C:\WINDOWS\system32\cmd.exe "
    processId: "P_ID:- 12852"
[ Date 06/04/24 16:01:15] INFO: MongoDB connected successfully
    processTitle: "PTitle:- C:\WINDOWS\system32\cmd.exe "
    processId: "P_ID:- 12852"
[ Date 06/04/24 16:02:18] INFO: Express server is running on 7070
    processTitle: "PTitle:- C:\WINDOWS\system32\cmd.exe "
    processId: "P_ID:- 5888"
[ Date 06/04/24 16:02:21] INFO: MongoDB connected successfully
    processTitle: "PTitle:- C:\WINDOWS\system32\cmd.exe "
    processId: "P_ID:- 5888"
[ Date 06/04/24 16:02:25] INFO: Express server is running on 7070
    processTitle: "PTitle:- C:\WINDOWS\system32\cmd.exe "
    processId: "P_ID:- 8976"
[ Date 06/04/24 16:02:27] INFO: Express server is running on 7070
    processTitle: "PTitle:- C:\WINDOWS\system32\cmd.exe "
    processId: "P_ID:- 11128"
[ Date 06/04/24 16:02:29] INFO: MongoDB connected successfully
    processTitle: "PTitle:- C:\WINDOWS\system32\cmd.exe "
    processId: "P_ID:- 11128"
[ Date 06/04/24 16:02:37] INFO: Express server is running on 7070
    processTitle: "PTitle:- C:\WINDOWS\system32\cmd.exe "
    processId: "P_ID:- 6352"
[ Date 06/04/24 16:02:41] INFO: MongoDB connected successfully
    processTitle: "PTitle:- C:\WINDOWS\system32\cmd.exe "
    processId: "P_ID:- 6352"
[ Date 06/04/24 16:02:44] INFO: Express server is running on 7070
    processTitle: "PTitle:- C:\WINDOWS\system32\cmd.exe "
    processId: "P_ID:- 8224"
[ Date 06/04/24 16:02:47] INFO: Express server is running on 7070
    processTitle: "PTitle:- C:\WINDOWS\system32\cmd.exe "
    processId: "P_ID:- 12100"
[ Date 06/04/24 16:02:50] INFO: Express server is running on 7070
    processTitle: "PTitle:- C:\WINDOWS\system32\cmd.exe "
    processId: "P_ID:- 12276"
[ Date 06/04/24 16:02:53] INFO: Express server is running on 7070
    processTitle: "PTitle:- C:\WINDOWS\system32\cmd.exe "
    processId: "P_ID:- 12428"
[ Date 06/04/24 16:02:57] INFO: MongoDB connected successfully
    processTitle: "PTitle:- C:\WINDOWS\system32\cmd.exe "
    processId: "P_ID:- 12428"
[ Date 06/04/24 16:05:01] INFO: Express server is running on 7070
    processTitle: "PTitle:- C:\WINDOWS\system32\cmd.exe "
    processId: "P_ID:- 9168"
[ Date 06/04/24 16:05:05] INFO: MongoDB connected successfully
    processTitle: "PTitle:- C:\WINDOWS\system32\cmd.exe "
    processId: "P_ID:- 9168"
[ Date 06/04/24 16:05:10] INFO: Express server is running on 7070
    processTitle: "PTitle:- C:\WINDOWS\system32\cmd.exe "
    processId: "P_ID:- 9844"
[ Date 06/04/24 16:05:12] INFO: MongoDB connected successfully
    processTitle: "PTitle:- C:\WINDOWS\system32\cmd.exe "
    processId: "P_ID:- 9844"
[ Date 06/04/24 16:06:44] INFO: Express server is running on 7070
    processTitle: "PTitle:- C:\WINDOWS\system32\cmd.exe "
    processId: "P_ID:- 6088"
[ Date 06/04/24 16:06:47] INFO: MongoDB connected successfully
    processTitle: "PTitle:- C:\WINDOWS\system32\cmd.exe "
    processId: "P_ID:- 6088"
[ Date 06/04/24 16:06:51] INFO: Express server is running on 7070
    processTitle: "PTitle:- C:\WINDOWS\system32\cmd.exe "
    processId: "P_ID:- 18864"
[ Date 06/04/24 16:06:54] INFO: Express server is running on 7070
    processTitle: "PTitle:- C:\WINDOWS\system32\cmd.exe "
    processId: "P_ID:- 17912"
[ Date 06/04/24 16:06:56] INFO: Express server is running on 7070
    processTitle: "PTitle:- C:\WINDOWS\system32\cmd.exe "
    processId: "P_ID:- 6332"
[ Date 06/04/24 16:06:57] INFO: Express server is running on 7070
    processTitle: "PTitle:- C:\WINDOWS\system32\cmd.exe "
    processId: "P_ID:- 13792"
[ Date 06/04/24 16:06:59] INFO: Express server is running on 7070
    processTitle: "PTitle:- C:\WINDOWS\system32\cmd.exe "
    processId: "P_ID:- 14332"
[ Date 06/04/24 16:07:04] INFO: Express server is running on 7070
    processTitle: "PTitle:- C:\WINDOWS\system32\cmd.exe "
    processId: "P_ID:- 18920"
[ Date 06/04/24 16:07:06] INFO: Express server is running on 7070
    processTitle: "PTitle:- C:\WINDOWS\system32\cmd.exe "
    processId: "P_ID:- 1632"
[ Date 06/04/24 16:07:08] INFO: Express server is running on 7070
    processTitle: "PTitle:- C:\WINDOWS\system32\cmd.exe "
    processId: "P_ID:- 17148"
[ Date 06/04/24 16:07:11] INFO: MongoDB connected successfully
    processTitle: "PTitle:- C:\WINDOWS\system32\cmd.exe "
    processId: "P_ID:- 17148"
[ Date 06/04/24 16:08:48] INFO: Express server is running on 7070
    processTitle: "PTitle:- C:\WINDOWS\system32\cmd.exe "
    processId: "P_ID:- 1108"
[ Date 06/04/24 16:08:53] INFO: Express server is running on 7070
    processTitle: "PTitle:- C:\WINDOWS\system32\cmd.exe "
    processId: "P_ID:- 14492"
[ Date 06/04/24 16:08:57] INFO: MongoDB connected successfully
    processTitle: "PTitle:- C:\WINDOWS\system32\cmd.exe "
    processId: "P_ID:- 14492"
[ Date 06/04/24 16:09:10] INFO: Express server is running on 7070
    processTitle: "PTitle:- C:\WINDOWS\system32\cmd.exe "
    processId: "P_ID:- 9652"
[ Date 06/04/24 16:09:12] INFO: MongoDB connected successfully
    processTitle: "PTitle:- C:\WINDOWS\system32\cmd.exe "
    processId: "P_ID:- 9652"
[ Date 06/04/24 16:09:14] INFO: Express server is running on 7070
    processTitle: "PTitle:- C:\WINDOWS\system32\cmd.exe "
    processId: "P_ID:- 17744"
[ Date 06/04/24 16:09:17] INFO: MongoDB connected successfully
    processTitle: "PTitle:- C:\WINDOWS\system32\cmd.exe "
    processId: "P_ID:- 17744"
[ Date 06/04/24 16:09:43] ERROR: question is not defined
    processTitle: "PTitle:- C:\WINDOWS\system32\cmd.exe "
    processId: "P_ID:- 17744"
[ Date 06/04/24 16:09:59] INFO: Express server is running on 7070
    processTitle: "PTitle:- C:\WINDOWS\system32\cmd.exe "
    processId: "P_ID:- 11624"
[ Date 06/04/24 16:10:03] INFO: Express server is running on 7070
    processTitle: "PTitle:- C:\WINDOWS\system32\cmd.exe "
    processId: "P_ID:- 14136"
[ Date 06/04/24 16:10:05] INFO: MongoDB connected successfully
    processTitle: "PTitle:- C:\WINDOWS\system32\cmd.exe "
    processId: "P_ID:- 14136"
[ Date 06/04/24 16:10:20] INFO: Express server is running on 7070
    processTitle: "PTitle:- C:\WINDOWS\system32\cmd.exe "
    processId: "P_ID:- 1528"
[ Date 06/04/24 16:10:22] INFO: MongoDB connected successfully
    processTitle: "PTitle:- C:\WINDOWS\system32\cmd.exe "
    processId: "P_ID:- 1528"
[ Date 06/04/24 16:11:53] INFO: Quiz submitted successfully by user
    processTitle: "PTitle:- C:\WINDOWS\system32\cmd.exe "
    processId: "P_ID:- 1528"
[ Date 06/04/24 16:12:40] INFO: Express server is running on 7070
    processTitle: "PTitle:- C:\WINDOWS\system32\cmd.exe "
    processId: "P_ID:- 11624"
[ Date 06/04/24 16:12:44] INFO: MongoDB connected successfully
    processTitle: "PTitle:- C:\WINDOWS\system32\cmd.exe "
    processId: "P_ID:- 11624"
[ Date 06/04/24 16:13:11] INFO: Quiz submitted successfully by user
    processTitle: "PTitle:- C:\WINDOWS\system32\cmd.exe "
    processId: "P_ID:- 11624"
[ Date 06/04/24 16:18:49] ERROR: Error getting question:
    processTitle: "PTitle:- C:\WINDOWS\system32\cmd.exe "
    processId: "P_ID:- 11624"
[ Date 06/04/24 16:18:49] ERROR: Error getting question:
    processTitle: "PTitle:- C:\WINDOWS\system32\cmd.exe "
    processId: "P_ID:- 11624"
[ Date 06/04/24 16:19:01] ERROR: Error getting question:
    processTitle: "PTitle:- C:\WINDOWS\system32\cmd.exe "
    processId: "P_ID:- 11624"
[ Date 06/04/24 16:19:13] ERROR: Error getting question:
    processTitle: "PTitle:- C:\WINDOWS\system32\cmd.exe "
    processId: "P_ID:- 11624"
[ Date 06/04/24 16:19:18] ERROR: Error getting question:
    processTitle: "PTitle:- C:\WINDOWS\system32\cmd.exe "
    processId: "P_ID:- 11624"
[ Date 06/04/24 16:25:40] INFO: Express server is running on 7070
    processTitle: "PTitle:- C:\WINDOWS\System32\WindowsPowerShell\v1.0\powershell.exe"
    processId: "P_ID:- 2124"
[ Date 06/04/24 16:25:44] INFO: MongoDB connected successfully
    processTitle: "PTitle:- C:\WINDOWS\System32\WindowsPowerShell\v1.0\powershell.exe"
    processId: "P_ID:- 2124"
